<?xml version="1.0" encoding="UTF-8"?>
<!-- Generated by org.testng.reporters.JUnitXMLReporter -->
<testsuite hostname="Tarun-PC" ignored="0" name="testwebservice" tests="1" failures="1" timestamp="2021-03-14T10:43:40 IST" time="0.025" errors="0">
  <testcase name="test" time="0.001" classname="testng.testcases.TestingWebservice">
    <failure type="java.lang.NoClassDefFoundError" message="io/restassured/RestAssured">
      <![CDATA[java.lang.NoClassDefFoundError: io/restassured/RestAssured
at testng.testcases.TestingWebservice.test(TestingWebservice.java:29)
at java.util.ArrayList.forEach(Unknown Source)
Caused by: java.lang.ClassNotFoundException: io.restassured.RestAssured
at java.net.URLClassLoader.findClass(Unknown Source)
at java.lang.ClassLoader.loadClass(Unknown Source)
at sun.misc.Launcher$AppClassLoader.loadClass(Unknown Source)
at java.lang.ClassLoader.loadClass(Unknown Source)
... 28 more
... Removed 26 stack frames]]>
    </failure>
  </testcase> <!-- test -->
</testsuite> <!-- testwebservice -->
